TN:
SF:src\app.js
FN:23,(anonymous_0)
FNF:1
FNH:1
FNDA:1,(anonymous_0)
DA:10,6
DA:12,6
DA:13,6
DA:16,6
DA:17,6
DA:18,6
DA:19,6
DA:20,6
DA:23,6
DA:24,1
LF:10
LH:10
BRF:0
BRH:0
end_of_record
TN:
SF:src\controller\avaliacaoController.js
FN:3,(anonymous_0)
FN:14,(anonymous_1)
FN:19,(anonymous_2)
FN:26,(anonymous_3)
FN:36,(anonymous_4)
FNF:5
FNH:5
FNDA:2,(anonymous_0)
FNDA:1,(anonymous_1)
FNDA:2,(anonymous_2)
FNDA:1,(anonymous_3)
FNDA:1,(anonymous_4)
DA:3,6
DA:4,2
DA:6,2
DA:7,2
DA:8,1
DA:10,1
DA:14,6
DA:15,1
DA:16,1
DA:19,6
DA:20,2
DA:21,2
DA:22,2
DA:23,1
DA:26,6
DA:27,1
DA:28,1
DA:29,1
DA:30,1
DA:32,0
DA:36,6
DA:37,1
DA:38,1
DA:39,1
DA:40,1
DA:42,0
LF:26
LH:24
BRDA:10,0,0,0
BRDA:10,0,1,1
BRDA:22,1,0,1
BRDA:22,1,1,1
BRF:4
BRH:3
end_of_record
TN:
SF:src\controller\cupomControler.js
FN:4,(anonymous_0)
FN:13,(anonymous_1)
FN:25,(anonymous_2)
FN:47,(anonymous_3)
FN:56,(anonymous_4)
FNF:5
FNH:5
FNDA:1,(anonymous_0)
FNDA:2,(anonymous_1)
FNDA:2,(anonymous_2)
FNDA:1,(anonymous_3)
FNDA:1,(anonymous_4)
DA:4,6
DA:5,1
DA:6,1
DA:7,1
DA:9,0
DA:13,6
DA:14,2
DA:15,2
DA:16,2
DA:17,1
DA:19,1
DA:21,0
DA:25,6
DA:26,2
DA:27,2
DA:29,2
DA:30,1
DA:33,1
DA:41,1
DA:43,0
DA:47,6
DA:48,1
DA:49,1
DA:50,1
DA:52,0
DA:56,6
DA:57,1
DA:58,1
DA:59,1
DA:61,0
LF:30
LH:25
BRDA:16,0,0,1
BRDA:16,0,1,1
BRDA:29,1,0,1
BRDA:29,1,1,1
BRDA:29,2,0,2
BRDA:29,2,1,2
BRDA:29,2,2,1
BRDA:29,2,3,1
BRF:8
BRH:8
end_of_record
TN:
SF:src\controller\itemController.js
FN:4,(anonymous_0)
FN:14,(anonymous_1)
FN:25,(anonymous_2)
FN:47,(anonymous_3)
FN:57,(anonymous_4)
FNF:5
FNH:5
FNDA:1,(anonymous_0)
FNDA:3,(anonymous_1)
FNDA:2,(anonymous_2)
FNDA:2,(anonymous_3)
FNDA:2,(anonymous_4)
DA:4,6
DA:5,1
DA:6,1
DA:7,1
DA:9,0
DA:14,6
DA:15,3
DA:16,3
DA:17,0
DA:18,0
DA:20,3
DA:25,6
DA:26,2
DA:27,2
DA:29,2
DA:30,1
DA:33,1
DA:40,1
DA:42,0
DA:47,6
DA:48,2
DA:49,2
DA:50,0
DA:52,2
DA:57,6
DA:58,2
DA:59,2
DA:60,0
DA:62,2
LF:29
LH:23
BRDA:17,0,0,0
BRDA:17,0,1,0
BRDA:29,1,0,1
BRDA:29,1,1,1
BRDA:29,2,0,2
BRDA:29,2,1,1
BRDA:29,2,2,1
BRDA:36,3,0,1
BRDA:36,3,1,1
BRDA:42,4,0,0
BRDA:42,4,1,0
BRF:11
BRH:7
end_of_record
TN:
SF:src\controller\reuse.controller.js
FN:6,(anonymous_0)
FN:12,(anonymous_1)
FN:32,(anonymous_2)
FN:54,(anonymous_3)
FNF:4
FNH:4
FNDA:1,(anonymous_0)
FNDA:2,(anonymous_1)
FNDA:1,(anonymous_2)
FNDA:1,(anonymous_3)
DA:3,6
DA:6,6
DA:7,1
DA:8,1
DA:12,6
DA:13,2
DA:15,2
DA:16,2
DA:25,1
DA:27,1
DA:32,6
DA:33,1
DA:34,1
DA:36,1
DA:37,1
DA:47,0
DA:49,1
DA:54,6
DA:55,1
DA:57,1
DA:58,1
DA:59,1
DA:61,0
LF:23
LH:21
BRF:0
BRH:0
end_of_record
TN:
SF:src\controller\userController.js
FN:4,(anonymous_0)
FN:9,(anonymous_1)
FN:15,(anonymous_2)
FN:38,(anonymous_3)
FN:52,(anonymous_4)
FNF:5
FNH:5
FNDA:1,(anonymous_0)
FNDA:2,(anonymous_1)
FNDA:2,(anonymous_2)
FNDA:1,(anonymous_3)
FNDA:1,(anonymous_4)
DA:4,6
DA:5,1
DA:6,1
DA:9,6
DA:10,2
DA:11,2
DA:12,1
DA:15,6
DA:16,2
DA:17,2
DA:19,2
DA:20,1
DA:23,1
DA:25,1
DA:32,1
DA:34,0
DA:38,6
DA:39,1
DA:40,1
DA:42,1
DA:43,0
DA:46,1
DA:48,0
DA:52,6
DA:53,1
DA:54,1
DA:55,1
DA:57,0
LF:28
LH:24
BRDA:11,0,0,1
BRDA:11,0,1,1
BRDA:19,1,0,1
BRDA:19,1,1,1
BRDA:19,2,0,2
BRDA:19,2,1,1
BRDA:19,2,2,1
BRDA:29,3,0,1
BRDA:29,3,1,1
BRDA:42,4,0,0
BRDA:42,4,1,1
BRF:11
BRH:10
end_of_record
TN:
SF:src\model\avaliacaoModel.js
FN:4,(anonymous_0)
FN:21,(anonymous_1)
FN:29,(anonymous_2)
FN:38,(anonymous_3)
FN:45,(anonymous_4)
FNF:5
FNH:5
FNDA:2,(anonymous_0)
FNDA:1,(anonymous_1)
FNDA:2,(anonymous_2)
FNDA:1,(anonymous_3)
FNDA:1,(anonymous_4)
DA:2,6
DA:4,6
DA:5,2
DA:6,2
DA:7,0
DA:8,0
DA:9,0
DA:12,2
DA:21,6
DA:22,1
DA:29,6
DA:30,2
DA:38,6
DA:39,1
DA:45,6
DA:46,1
LF:16
LH:13
BRDA:6,0,0,0
BRDA:6,0,1,2
BRF:2
BRH:1
end_of_record
TN:
SF:src\model\cupomModel.js
FN:6,(anonymous_0)
FN:10,(anonymous_1)
FN:14,(anonymous_2)
FN:28,(anonymous_3)
FN:35,(anonymous_4)
FNF:5
FNH:5
FNDA:1,(anonymous_0)
FNDA:2,(anonymous_1)
FNDA:1,(anonymous_2)
FNDA:1,(anonymous_3)
FNDA:1,(anonymous_4)
DA:4,6
DA:6,6
DA:7,1
DA:10,6
DA:11,2
DA:14,6
DA:15,1
DA:17,1
DA:18,1
DA:19,0
DA:20,0
DA:21,0
DA:24,1
DA:28,6
DA:29,1
DA:35,6
DA:36,1
LF:17
LH:14
BRDA:18,0,0,0
BRDA:18,0,1,1
BRF:2
BRH:1
end_of_record
TN:
SF:src\model\itemModel.js
FN:5,(anonymous_0)
FN:11,(anonymous_1)
FN:20,(anonymous_2)
FN:39,(anonymous_3)
FN:42,(anonymous_4)
FNF:5
FNH:5
FNDA:1,(anonymous_0)
FNDA:3,(anonymous_1)
FNDA:1,(anonymous_2)
FNDA:2,(anonymous_3)
FNDA:2,(anonymous_4)
DA:3,6
DA:5,6
DA:6,1
DA:11,6
DA:12,3
DA:20,6
DA:21,1
DA:23,1
DA:24,1
DA:25,0
DA:26,0
DA:27,0
DA:30,1
DA:39,6
DA:40,2
DA:42,6
DA:43,2
LF:17
LH:14
BRDA:21,0,0,0
BRDA:24,1,0,0
BRDA:24,1,1,1
BRF:3
BRH:1
end_of_record
TN:
SF:src\model\userModel.js
FN:5,(anonymous_0)
FN:8,(anonymous_1)
FN:20,(anonymous_2)
FN:33,(anonymous_3)
FN:36,(anonymous_4)
FNF:5
FNH:5
FNDA:1,(anonymous_0)
FNDA:2,(anonymous_1)
FNDA:1,(anonymous_2)
FNDA:1,(anonymous_3)
FNDA:1,(anonymous_4)
DA:3,6
DA:5,6
DA:6,1
DA:8,6
DA:9,2
DA:20,6
DA:21,1
DA:23,1
DA:33,6
DA:34,1
DA:36,6
DA:37,1
LF:12
LH:12
BRF:0
BRH:0
end_of_record
TN:
SF:src\routes\avaliacaoRoutes.js
FNF:0
FNH:0
DA:4,6
DA:8,6
DA:10,6
DA:12,6
DA:14,6
DA:16,6
LF:6
LH:6
BRF:0
BRH:0
end_of_record
TN:
SF:src\routes\cupomRoutes.js
FNF:0
FNH:0
DA:5,6
DA:8,6
DA:9,6
DA:10,6
DA:11,6
DA:12,6
LF:6
LH:6
BRF:0
BRH:0
end_of_record
TN:
SF:src\routes\itemroutes.js
FNF:0
FNH:0
DA:4,6
DA:6,6
DA:7,6
DA:8,6
DA:9,6
DA:10,6
LF:6
LH:6
BRF:0
BRH:0
end_of_record
TN:
SF:src\routes\reuseRoutes.routes.js
FNF:0
FNH:0
DA:4,6
DA:7,6
DA:10,6
DA:13,6
DA:16,6
LF:5
LH:5
BRF:0
BRH:0
end_of_record
TN:
SF:src\routes\userRoutes.js
FNF:0
FNH:0
DA:5,6
DA:8,6
DA:9,6
DA:10,6
DA:11,6
DA:12,6
LF:6
LH:6
BRF:0
BRH:0
end_of_record
